TN:
SF:/Users/adizdar1/Documents/Development/vue-markup/src/views/Editor.vue
FNF:0
FNH:0
DA:34,11
DA:47,11
LF:2
LH:2
BRF:0
BRH:0
end_of_record
TN:
SF:/Users/adizdar1/Documents/Development/vue-markup/src/components/HTMLPreview/HTMLPreview.vue
FNF:0
FNH:0
LF:0
LH:0
BRF:0
BRH:0
end_of_record
TN:
SF:/Users/adizdar1/Documents/Development/vue-markup/src/components/MarkupEditor/MarkupEditor.vue
FN:44,(anonymous_0)
FNF:1
FNH:0
FNDA:0,(anonymous_0)
DA:40,9
DA:45,0
LF:2
LH:1
BRF:0
BRH:0
end_of_record
TN:
SF:/Users/adizdar1/Documents/Development/vue-markup/src/components/MarkupEditor/MarkupMirror.vue
FNF:0
FNH:0
DA:39,12
DA:56,3
LF:2
LH:2
BRF:0
BRH:0
end_of_record
TN:
SF:/Users/adizdar1/Documents/Development/vue-markup/src/util/markdownToHTMLConverter.js
FN:13,markdownToHTMLConverter
FN:25,convert
FNF:2
FNH:2
FNDA:1,markdownToHTMLConverter
FNDA:17,convert
DA:14,1
DA:22,1
DA:23,1
DA:26,17
DA:29,1
LF:5
LH:5
BRF:0
BRH:0
end_of_record
TN:
SF:/Users/adizdar1/Documents/Development/vue-markup/src/assets/markdown-default-data.js
FN:1,(anonymous_0)
FNF:1
FNH:1
FNDA:1,(anonymous_0)
DA:1,1
DA:2,1
LF:2
LH:2
BRF:0
BRH:0
end_of_record
TN:
SF:/Users/adizdar1/Documents/Development/vue-markup/src/App.vue
FNF:0
FNH:0
LF:0
LH:0
BRF:0
BRH:0
end_of_record
TN:
SF:/Users/adizdar1/Documents/Development/vue-markup/src/router/index.js
FNF:0
FNH:0
DA:5,1
LF:1
LH:1
BRF:0
BRH:0
end_of_record
