TN:
SF:/Users/adizdar1/Documents/Development/vue-markup/application/src/views/Editor.vue
FNF:0
FNH:0
DA:40,11
DA:54,9
DA:55,9
LF:3
LH:3
BRF:0
BRH:0
end_of_record
TN:
SF:/Users/adizdar1/Documents/Development/vue-markup/application/src/components/DropdownExportSettings/DropdownExportSettings.vue
FN:36,(anonymous_0)
FN:43,(anonymous_1)
FN:53,(anonymous_2)
FN:81,(anonymous_3)
FN:90,(anonymous_4)
FNF:5
FNH:0
FNDA:0,(anonymous_0)
FNDA:0,(anonymous_1)
FNDA:0,(anonymous_2)
FNDA:0,(anonymous_3)
FNDA:0,(anonymous_4)
DA:35,1
DA:36,0
DA:42,1
DA:43,0
DA:53,1
DA:75,0
DA:82,0
DA:88,0
DA:90,0
DA:94,0
DA:100,0
DA:104,0
DA:110,0
LF:13
LH:3
BRDA:43,0,0,0
BRDA:43,0,1,0
BRDA:55,1,0,0
BRDA:55,1,1,0
BRF:4
BRH:0
end_of_record
TN:
SF:/Users/adizdar1/Documents/Development/vue-markup/application/src/services/ExportService.js
FN:14,(anonymous_0)
FN:24,(anonymous_1)
FN:37,(anonymous_2)
FN:50,(anonymous_3)
FNF:4
FNH:1
FNDA:1,(anonymous_0)
FNDA:0,(anonymous_1)
FNDA:0,(anonymous_2)
FNDA:0,(anonymous_3)
DA:4,1
DA:15,1
DA:16,1
DA:25,0
DA:38,0
DA:51,0
LF:6
LH:3
BRDA:24,0,0,0
BRDA:24,1,0,0
BRDA:37,2,0,0
BRDA:37,3,0,0
BRDA:50,4,0,0
BRDA:50,5,0,0
BRF:6
BRH:0
end_of_record
TN:
SF:/Users/adizdar1/Documents/Development/vue-markup/application/src/util/triggerFileDownload.js
FN:9,triggerFileDownloadViaBrowser
FNF:1
FNH:0
FNDA:0,triggerFileDownloadViaBrowser
DA:10,0
DA:11,0
DA:14,0
DA:16,0
DA:17,0
DA:19,0
LF:6
LH:0
BRDA:10,0,0,0
BRDA:10,0,1,0
BRDA:10,1,0,0
BRDA:10,1,1,0
BRF:4
BRH:0
end_of_record
TN:
SF:/Users/adizdar1/Documents/Development/vue-markup/application/src/components/HTMLPreview/HTMLPreview.vue
FNF:0
FNH:0
LF:0
LH:0
BRF:0
BRH:0
end_of_record
TN:
SF:/Users/adizdar1/Documents/Development/vue-markup/application/src/components/MarkupEditor/MarkupEditor.vue
FN:44,(anonymous_0)
FNF:1
FNH:0
FNDA:0,(anonymous_0)
DA:40,9
DA:45,0
LF:2
LH:1
BRF:0
BRH:0
end_of_record
TN:
SF:/Users/adizdar1/Documents/Development/vue-markup/application/src/components/MarkupEditor/MarkupMirror.vue
FNF:0
FNH:0
DA:39,12
DA:56,1
LF:2
LH:2
BRF:0
BRH:0
end_of_record
TN:
SF:/Users/adizdar1/Documents/Development/vue-markup/application/src/util/markdownToHTMLConverter.js
FN:12,markdownToHTMLConverter
FN:24,convert
FNF:2
FNH:2
FNDA:1,markdownToHTMLConverter
FNDA:15,convert
DA:13,1
DA:21,1
DA:22,1
DA:25,15
DA:28,1
LF:5
LH:5
BRF:0
BRH:0
end_of_record
TN:
SF:/Users/adizdar1/Documents/Development/vue-markup/application/src/assets/markdown-default-data.js
FN:1,(anonymous_0)
FNF:1
FNH:1
FNDA:1,(anonymous_0)
DA:1,1
DA:2,1
LF:2
LH:2
BRF:0
BRH:0
end_of_record
TN:
SF:/Users/adizdar1/Documents/Development/vue-markup/application/src/App.vue
FNF:0
FNH:0
LF:0
LH:0
BRF:0
BRH:0
end_of_record
TN:
SF:/Users/adizdar1/Documents/Development/vue-markup/application/src/router/index.js
FNF:0
FNH:0
DA:5,1
LF:1
LH:1
BRF:0
BRH:0
end_of_record
